<?xml version='1.0' encoding='UTF-8'?>
<testsuite hostname="Gruha" name="blackjack_test" tests="4" errors="0" failures="0" skipped="0" time="0.012" timestamp="2020-01-15T10:38:14">
                     <properties>
      <property name="awt.toolkit" value="sun.awt.windows.WToolkit"/><property name="java.specification.version" value="12"/><property name="sun.cpu.isalist" value="amd64"/><property name="sun.jnu.encoding" value="Cp1250"/><property name="sun.arch.data.model" value="64"/><property name="sbt.supershell" value="false"/><property name="java.vendor.url" value="https://java.oracle.com/"/><property name="sun.boot.library.path" value="C:\Program Files\Java\jdk-12.0.2\bin"/><property name="sun.java.command" value="C:\Users\Gruha\.IdeaIC2019.2\config\plugins\Scala\launcher\sbt-launch.jar --addPluginSbtFile=C:\Users\Gruha\AppData\Local\Temp\idea.sbt ; set ideaPort in Global := 50155 ; idea-shell"/><property name="jdk.debug" value="release"/><property name="sun.stderr.encoding" value="cp852"/><property name="java.specification.vendor" value="Oracle Corporation"/><property name="java.version.date" value="2019-07-16"/><property name="java.home" value="C:\Program Files\Java\jdk-12.0.2"/><property name="file.separator" value="\"/><property name="java.vm.compressedOopsMode" value="32-bit"/><property name="line.separator" value="
"/><property name="sun.stdout.encoding" value="cp852"/><property name="java.vm.specification.vendor" value="Oracle Corporation"/><property name="java.specification.name" value="Java Platform API Specification"/><property name="user.script" value=""/><property name="sun.management.compiler" value="HotSpot 64-Bit Tiered Compilers"/><property name="java.runtime.version" value="12.0.2+10"/><property name="user.name" value="Gruha"/><property name="log4j.ignoreTCL" value="true"/><property name="file.encoding" value="UTF-8"/><property name="java.io.tmpdir" value="C:\Users\Gruha\AppData\Local\Temp\"/><property name="java.version" value="12.0.2"/><property name="java.vm.specification.name" value="Java Virtual Machine Specification"/><property name="sun.os.patch.level" value=""/><property name="java.library.path" value="C:\Program Files\Java\jdk-12.0.2\bin;C:\WINDOWS\Sun\Java\bin;C:\WINDOWS\system32;C:\WINDOWS;C:\Program Files (x86)\Common Files\Intel\Shared Libraries\redist\intel64\compiler;C:\Program Files (x86)\Common Files\Intel\Shared Libraries\redist\ia32\compiler;C:\Program Files (x86)\Intel\iCLS Client\;C:\Program Files\Intel\iCLS Client\;C:\Windows\system32;C:\Windows;C:\Windows\System32\Wbem;C:\Windows\System32\WindowsPowerShell\v1.0\;C:\Program Files (x86)\Intel\Intel(R) Management Engine Components\DAL;C:\Program Files\Intel\Intel(R) Management Engine Components\DAL;C:\Program Files (x86)\Intel\Intel(R) Management Engine Components\IPT;C:\Program Files\Intel\Intel(R) Management Engine Components\IPT;C:\WINDOWS\system32;C:\WINDOWS;C:\WINDOWS\System32\Wbem;C:\WINDOWS\System32\WindowsPowerShell\v1.0\;C:\WINDOWS\System32\OpenSSH\;C:\Program Files\dotnet\;C:\Program Files\Microsoft SQL Server\130\Tools\Binn\;C:\Program Files\Git\cmd;C:\Program Files\Java\jdk-12.0.2\bin;C:\Program Files\Java\jre1.8.0_221\bin;C:\Program Files (x86)\NVIDIA Corporation\PhysX\Common;C:\Program Files\CMake\bin;C:\Program Files\NVIDIA Corporation\NVIDIA NvDLISR;C:\Program Files (x86)\sbt\bin;C:\Program Files\Intel\WiFi\bin\;C:\Program Files\Common Files\Intel\WirelessCommon\;C:\WINDOWS\system32;C:\WINDOWS;C:\WINDOWS\System32\Wbem;C:\WINDOWS\System32\WindowsPowerShell\v1.0\;C:\WINDOWS\System32\OpenSSH\;C:\Program Files (x86)\GtkSharp\2.12\bin;C:\MinGW\bin;C:\Program Files\nodejs\;C:\Users\Gruha\.cargo\bin;C:\Users\Gruha\AppData\Local\Microsoft\WindowsApps;C:\Users\Gruha\AppData\Local\Programs\Microsoft VS Code\bin;C:\Users\Gruha\AppData\Local\Microsoft\WindowsApps;C:\Users\Gruha\AppData\Roaming\npm;."/><property name="java.vendor" value="Oracle Corporation"/><property name="sun.io.unicode.encoding" value="UnicodeLittle"/><property name="sun.desktop" value="windows"/><property name="java.class.path" value="C:\Users\Gruha\.IdeaIC2019.2\config\plugins\Scala\launcher\sbt-launch.jar"/><property name="java.vm.vendor" value="Oracle Corporation"/><property name="user.variant" value=""/><property name="jline.shutdownhook" value="false"/><property name="user.timezone" value="Europe/Warsaw"/><property name="java.vm.specification.version" value="12"/><property name="os.name" value="Windows 10"/><property name="sun.java.launcher" value="SUN_STANDARD"/><property name="user.country" value="PL"/><property name="sun.cpu.endian" value="little"/><property name="user.home" value="C:\Users\Gruha"/><property name="user.language" value="pl"/><property name="swoval.tmpdir" value="C:\Users\Gruha\.sbt\1.0"/><property name="java.awt.graphicsenv" value="sun.awt.Win32GraphicsEnvironment"/><property name="jline.esc.timeout" value="0"/><property name="path.separator" value=";"/><property name="os.version" value="10.0"/><property name="jna.nosys" value="true"/><property name="java.runtime.name" value="Java(TM) SE Runtime Environment"/><property name="sbt.log.noformat" value="true"/><property name="java.vm.name" value="Java HotSpot(TM) 64-Bit Server VM"/><property name="java.vendor.url.bug" value="https://bugreport.java.com/bugreport/"/><property name="user.dir" value="M:\UWR\V\Scala\list 9"/><property name="os.arch" value="amd64"/><property name="idea.managed" value="true"/><property name="java.vm.info" value="mixed mode, sharing"/><property name="java.vm.version" value="12.0.2+10"/><property name="java.class.version" value="56.0"/>
    </properties>
                     <testcase classname="blackjack_test" name="get_cards_test" time="0.001">
                                                 
                                               </testcase><testcase classname="blackjack_test" name="points_test" time="0.001">
                                                 
                                               </testcase><testcase classname="blackjack_test" name="play_test" time="0.002">
                                                 
                                               </testcase><testcase classname="blackjack_test" name="all21_test" time="0.008">
                                                 
                                               </testcase>
                     <system-out><![CDATA[]]></system-out>
                     <system-err><![CDATA[]]></system-err>
                   </testsuite>